<?xml version="1.0" encoding="UTF-8"?>
<testng-results ignored="0" total="1" passed="1" failed="0" skipped="0">
  <reporter-output>
  </reporter-output>
  <suite started-at="2021-06-15T13:04:59Z" name="Default suite" finished-at="2021-06-15T13:04:59Z" duration-ms="78">
    <groups>
    </groups>
    <test started-at="2021-06-15T13:04:59Z" name="Default test" finished-at="2021-06-15T13:04:59Z" duration-ms="78">
      <class name="com.crm.com.crm.Practice.ReadDataFromCmd">
        <test-method signature="readData()[pri:0, instance:com.crm.com.crm.Practice.ReadDataFromCmd@5170bcf4]" started-at="2021-06-15T13:04:59Z" name="readData" finished-at="2021-06-15T13:04:59Z" duration-ms="19" status="PASS">
          <reporter-output>
          </reporter-output>
        </test-method> <!-- readData -->
      </class> <!-- com.crm.com.crm.Practice.ReadDataFromCmd -->
    </test> <!-- Default test -->
  </suite> <!-- Default suite -->
</testng-results>
